Android app/app/build/intermediates/manifest_merge_blame_file/debug/manifest-merger-blame-debug-report.txt
1<?xml version="1.0" encoding="utf-8"?>
2<manifest xmlns:android="http://schemas.android.com/apk/res/android"
3    package="com.example.theatreticketsapp"
4    android:versionCode="1"
5    android:versionName="1.0" >
6
7    <uses-sdk
8        android:minSdkVersion="28"
8-->src/main/AndroidManifest.xml
9        android:targetSdkVersion="29" />
9-->src/main/AndroidManifest.xml
10    <!--
11         The ACCESS_COARSE/FINE_LOCATION permissions are not required to use
12         Google Maps Android API v2, but you must specify either coarse or fine
13         location permissions for the 'MyLocation' functionality.
14    -->
15    <uses-permission android:name="android.permission.ACCESS_FINE_LOCATION" />
15-->src/main/AndroidManifest.xml:9:5-79
15-->src/main/AndroidManifest.xml:9:22-76
16    <uses-permission android:name="android.permission.INTERNET" />
16-->src/main/AndroidManifest.xml:10:5-67
16-->src/main/AndroidManifest.xml:10:22-64
17
18    <!-- Include required permissions for Google Maps API to run. -->
19    <uses-permission android:name="android.permission.ACCESS_NETWORK_STATE" />
19-->[com.google.android.gms:play-services-maps:17.0.0] AndroidManifest.xml:23:5-79
19-->[com.google.android.gms:play-services-maps:17.0.0] AndroidManifest.xml:23:22-76
20
21    <uses-feature
21-->[com.google.android.gms:play-services-maps:17.0.0] AndroidManifest.xml:26:5-28:35
22        android:glEsVersion="0x00020000"
22-->[com.google.android.gms:play-services-maps:17.0.0] AndroidManifest.xml:27:9-41
23        android:required="true" />
23-->[com.google.android.gms:play-services-maps:17.0.0] AndroidManifest.xml:28:9-32
24
25    <application
25-->src/main/AndroidManifest.xml:12:5-85:19
26        android:allowBackup="true"
26-->src/main/AndroidManifest.xml:13:9-35
27        android:appComponentFactory="androidx.core.app.CoreComponentFactory"
27-->[androidx.core:core:1.1.0] AndroidManifest.xml:24:18-86
28        android:debuggable="true"
29        android:icon="@mipmap/ic_launcher"
29-->src/main/AndroidManifest.xml:14:9-43
30        android:label="@string/app_name"
30-->src/main/AndroidManifest.xml:15:9-41
31        android:roundIcon="@mipmap/ic_launcher_round"
31-->src/main/AndroidManifest.xml:16:9-54
32        android:supportsRtl="true"
32-->src/main/AndroidManifest.xml:17:9-35
33        android:testOnly="true"
34        android:theme="@style/AppTheme"
34-->src/main/AndroidManifest.xml:18:9-40
35        android:usesCleartextTraffic="true" >
35-->src/main/AndroidManifest.xml:19:9-44
36        <activity android:name="com.example.theatreticketsapp.ViewVenue" />
36-->src/main/AndroidManifest.xml:20:9-56
36-->src/main/AndroidManifest.xml:20:19-44
37        <!--
38             The API key for Google Maps-based APIs is defined as a string resource.
39             (See the file "res/values/google_maps_api.xml").
40             Note that the API key is linked to the encryption key used to sign the APK.
41             You need a different API key for each encryption key, including the release key that is used to
42             sign the APK for publishing.
43             You can define the keys for the debug and release targets in src/debug/ and src/release/.
44        -->
45        <meta-data
45-->src/main/AndroidManifest.xml:29:9-31:55
46            android:name="com.google.android.geo.API_KEY"
46-->src/main/AndroidManifest.xml:30:13-58
47            android:value="@string/google_maps_key" />
47-->src/main/AndroidManifest.xml:31:13-52
48
49        <activity
49-->src/main/AndroidManifest.xml:33:9-35:59
50            android:name="com.example.theatreticketsapp.MapsActivity"
50-->src/main/AndroidManifest.xml:34:13-41
51            android:label="@string/title_activity_maps" />
51-->src/main/AndroidManifest.xml:35:13-56
52        <activity
52-->src/main/AndroidManifest.xml:36:9-39:59
53            android:name="com.example.theatreticketsapp.ViewTickets"
53-->src/main/AndroidManifest.xml:37:13-40
54            android:label="@string/title_activity_view_tickets"
54-->src/main/AndroidManifest.xml:38:13-64
55            android:theme="@style/AppTheme.NoActionBar" />
55-->src/main/AndroidManifest.xml:39:13-56
56        <activity
56-->src/main/AndroidManifest.xml:40:9-43:59
57            android:name="com.example.theatreticketsapp.CreateReview"
57-->src/main/AndroidManifest.xml:41:13-41
58            android:label="@string/title_activity_create_review"
58-->src/main/AndroidManifest.xml:42:13-65
59            android:theme="@style/AppTheme.NoActionBar" />
59-->src/main/AndroidManifest.xml:43:13-56
60        <activity
60-->src/main/AndroidManifest.xml:44:9-46:61
61            android:name="com.example.theatreticketsapp.MyBasket"
61-->src/main/AndroidManifest.xml:45:13-37
62            android:label="@string/title_activity_basket" />
62-->src/main/AndroidManifest.xml:46:13-58
63        <activity
63-->src/main/AndroidManifest.xml:47:9-49:59
64            android:name="com.example.theatreticketsapp.Homepage"
64-->src/main/AndroidManifest.xml:48:13-37
65            android:theme="@style/AppTheme.NoActionBar" />
65-->src/main/AndroidManifest.xml:49:13-56
66        <activity
66-->src/main/AndroidManifest.xml:50:9-52:59
67            android:name="com.example.theatreticketsapp.ChooseTickets"
67-->src/main/AndroidManifest.xml:51:13-42
68            android:theme="@style/AppTheme.NoActionBar" />
68-->src/main/AndroidManifest.xml:52:13-56
69        <activity
69-->src/main/AndroidManifest.xml:53:9-55:59
70            android:name="com.example.theatreticketsapp.ChooseDate"
70-->src/main/AndroidManifest.xml:54:13-39
71            android:theme="@style/AppTheme.NoActionBar" />
71-->src/main/AndroidManifest.xml:55:13-56
72
73        <meta-data
73-->src/main/AndroidManifest.xml:57:9-59:60
74            android:name="com.google.android.actions"
74-->src/main/AndroidManifest.xml:58:13-54
75            android:resource="@transition/slide_in_down" />
75-->src/main/AndroidManifest.xml:59:13-57
76
77        <activity
77-->src/main/AndroidManifest.xml:61:9-64:59
78            android:name="com.example.theatreticketsapp.MyAccount"
78-->src/main/AndroidManifest.xml:62:13-38
79            android:label="My Account"
79-->src/main/AndroidManifest.xml:63:13-39
80            android:theme="@style/AppTheme.NoActionBar" />
80-->src/main/AndroidManifest.xml:64:13-56
81        <activity
81-->src/main/AndroidManifest.xml:65:9-68:59
82            android:name="com.example.theatreticketsapp.MyBookings"
82-->src/main/AndroidManifest.xml:66:13-39
83            android:label="My Bookings"
83-->src/main/AndroidManifest.xml:67:13-40
84            android:theme="@style/AppTheme.NoActionBar" />
84-->src/main/AndroidManifest.xml:68:13-56
85        <activity
85-->src/main/AndroidManifest.xml:69:9-72:59
86            android:name="com.example.theatreticketsapp.Explore"
86-->src/main/AndroidManifest.xml:70:13-36
87            android:label="Explore"
87-->src/main/AndroidManifest.xml:71:13-36
88            android:theme="@style/AppTheme.NoActionBar" />
88-->src/main/AndroidManifest.xml:72:13-56
89        <activity
89-->src/main/AndroidManifest.xml:73:9-76:59
90            android:name="com.example.theatreticketsapp.ShowInformation"
90-->src/main/AndroidManifest.xml:74:13-44
91            android:label="@string/title_activity_selected_show"
91-->src/main/AndroidManifest.xml:75:13-65
92            android:theme="@style/AppTheme.NoActionBar" />
92-->src/main/AndroidManifest.xml:76:13-56
93        <activity android:name="com.example.theatreticketsapp.Register" />
93-->src/main/AndroidManifest.xml:77:9-46
93-->src/main/AndroidManifest.xml:77:19-43
94        <activity android:name="com.example.theatreticketsapp.Login" >
94-->src/main/AndroidManifest.xml:78:9-84:20
94-->src/main/AndroidManifest.xml:78:19-40
95            <intent-filter>
95-->src/main/AndroidManifest.xml:79:13-83:29
96                <action android:name="android.intent.action.MAIN" />
96-->src/main/AndroidManifest.xml:80:17-69
96-->src/main/AndroidManifest.xml:80:25-66
97
98                <category android:name="android.intent.category.LAUNCHER" />
98-->src/main/AndroidManifest.xml:82:17-77
98-->src/main/AndroidManifest.xml:82:27-74
99            </intent-filter>
100        </activity>
101        <!-- Needs to be explicitly declared on P+ -->
102        <uses-library
102-->[com.google.android.gms:play-services-maps:17.0.0] AndroidManifest.xml:33:9-35:40
103            android:name="org.apache.http.legacy"
103-->[com.google.android.gms:play-services-maps:17.0.0] AndroidManifest.xml:34:13-50
104            android:required="false" />
104-->[com.google.android.gms:play-services-maps:17.0.0] AndroidManifest.xml:35:13-37
105
106        <activity
106-->[com.google.android.gms:play-services-base:17.0.0] AndroidManifest.xml:23:9-26:75
107            android:name="com.google.android.gms.common.api.GoogleApiActivity"
107-->[com.google.android.gms:play-services-base:17.0.0] AndroidManifest.xml:24:13-79
108            android:exported="false"
108-->[com.google.android.gms:play-services-base:17.0.0] AndroidManifest.xml:25:13-37
109            android:theme="@android:style/Theme.Translucent.NoTitleBar" />
109-->[com.google.android.gms:play-services-base:17.0.0] AndroidManifest.xml:26:13-72
110
111        <meta-data
111-->[com.google.android.gms:play-services-basement:17.0.0] AndroidManifest.xml:23:9-25:69
112            android:name="com.google.android.gms.version"
112-->[com.google.android.gms:play-services-basement:17.0.0] AndroidManifest.xml:24:13-58
113            android:value="@integer/google_play_services_version" />
113-->[com.google.android.gms:play-services-basement:17.0.0] AndroidManifest.xml:25:13-66
114
115        <provider
115-->[androidx.lifecycle:lifecycle-process:2.0.0] AndroidManifest.xml:23:9-27:43
116            android:name="androidx.lifecycle.ProcessLifecycleOwnerInitializer"
116-->[androidx.lifecycle:lifecycle-process:2.0.0] AndroidManifest.xml:24:13-79
117            android:authorities="com.example.theatreticketsapp.lifecycle-process"
117-->[androidx.lifecycle:lifecycle-process:2.0.0] AndroidManifest.xml:25:13-69
118            android:exported="false"
118-->[androidx.lifecycle:lifecycle-process:2.0.0] AndroidManifest.xml:26:13-37
119            android:multiprocess="true" />
119-->[androidx.lifecycle:lifecycle-process:2.0.0] AndroidManifest.xml:27:13-40
120    </application>
121
122</manifest>